2026-01-03T15:00:57.481+08:00  INFO 85344 --- [video-master] [restartedMain] c.h.video.master.VideoMasterApplication  : Starting VideoMasterApplication using Java 21.0.9 with PID 85344 (/Users/zhanghonglong/IdeaProjects/video-master/target/classes started by zhanghonglong in /Users/zhanghonglong/IdeaProjects/video-master)
2026-01-03T15:00:57.482+08:00  INFO 85344 --- [video-master] [restartedMain] c.h.video.master.VideoMasterApplication  : No active profile set, falling back to 1 default profile: "default"
2026-01-03T15:00:57.495+08:00  INFO 85344 --- [video-master] [restartedMain] .e.DevToolsPropertyDefaultsPostProcessor : Devtools property defaults active! Set 'spring.devtools.add-properties' to 'false' to disable
2026-01-03T15:00:57.495+08:00  INFO 85344 --- [video-master] [restartedMain] .e.DevToolsPropertyDefaultsPostProcessor : For additional web related logging consider setting the 'logging.level.web' property to 'DEBUG'
2026-01-03T15:00:57.752+08:00  WARN 85344 --- [video-master] [restartedMain] o.m.s.mapper.ClassPathMapperScanner      : No MyBatis mapper was found in '[com.holems.video.master]' package. Please check your configuration.
2026-01-03T15:00:57.851+08:00  INFO 85344 --- [video-master] [restartedMain] o.s.boot.tomcat.TomcatWebServer          : Tomcat initialized with port 8080 (http)
2026-01-03T15:00:57.855+08:00  INFO 85344 --- [video-master] [restartedMain] o.apache.catalina.core.StandardService   : Starting service [Tomcat]
2026-01-03T15:00:57.855+08:00  INFO 85344 --- [video-master] [restartedMain] o.apache.catalina.core.StandardEngine    : Starting Servlet engine: [Apache Tomcat/11.0.15]
2026-01-03T15:00:57.866+08:00  INFO 85344 --- [video-master] [restartedMain] b.w.c.s.WebApplicationContextInitializer : Root WebApplicationContext: initialization completed in 370 ms
2026-01-03T15:00:58.022+08:00  WARN 85344 --- [video-master] [restartedMain] ConfigServletWebServerApplicationContext : Exception encountered during context initialization - cancelling refresh attempt: org.springframework.beans.factory.BeanCreationException: Error creating bean with name 'dataSource' defined in class path resource [org/springframework/boot/jdbc/autoconfigure/DataSourceConfiguration$Hikari.class]: Failed to instantiate [com.zaxxer.hikari.HikariDataSource]: Factory method 'dataSource' threw exception with message: Failed to determine a suitable driver class
2026-01-03T15:00:58.024+08:00  INFO 85344 --- [video-master] [restartedMain] o.apache.catalina.core.StandardService   : Stopping service [Tomcat]
2026-01-03T15:00:58.030+08:00  INFO 85344 --- [video-master] [restartedMain] .s.b.a.l.ConditionEvaluationReportLogger : 

Error starting ApplicationContext. To display the condition evaluation report re-run your application with 'debug' enabled.
2026-01-03T15:00:58.034+08:00 ERROR 85344 --- [video-master] [restartedMain] o.s.b.d.LoggingFailureAnalysisReporter   : 

***************************
APPLICATION FAILED TO START
***************************

Description:

Failed to configure a DataSource: 'url' attribute is not specified and no embedded datasource could be configured.

Reason: Failed to determine a suitable driver class


Action:

Consider the following:
	If you want an embedded database (H2, HSQL or Derby), please put it on the classpath.
	If you have database settings to be loaded from a particular profile you may need to activate it (no profiles are currently active).

